<?xml version="1.0" encoding="UTF-8"?>
<!-- Generated by org.testng.reporters.JUnitReportReporter -->
<testsuite skipped="0" hostname="LAPTOP-1J510GMI" name="sample.sample.com.MouseHover3" tests="1" failures="0" timestamp="2020-04-08T22:54:13 IST" time="23.913" errors="0">
  <testcase name="openBrowser" time="23.913" classname="sample.sample.com.MouseHover3"/>
  <system-out/>
</testsuite> <!-- sample.sample.com.MouseHover3 -->
