<?xml version="1.0" encoding="UTF-8"?>
<!-- Generated by org.testng.reporters.JUnitReportReporter -->
<testsuite skipped="0" hostname="LAPTOP-1J510GMI" name="sample.sample.com.TestA" tests="1" failures="0" timestamp="2020-03-02T02:53:12 IST" time="2.477" errors="0">
  <testcase name="search" time="2.477" classname="sample.sample.com.TestA"/>
  <system-out/>
</testsuite> <!-- sample.sample.com.TestA -->
