<?xml version="1.0" encoding="UTF-8"?>
<!-- Generated by org.testng.reporters.JUnitReportReporter -->
<testsuite skipped="0" hostname="LAPTOP-1J510GMI" name="sample.sample.com.DropDown" tests="1" failures="0" timestamp="2020-04-16T23:34:33 IST" time="16.916" errors="0">
  <testcase name="dropdownmenu" time="16.916" classname="sample.sample.com.DropDown"/>
  <system-out/>
</testsuite> <!-- sample.sample.com.DropDown -->
