<?xml version="1.0" encoding="UTF-8"?>
<!-- Generated by org.testng.reporters.JUnitReportReporter -->
<testsuite skipped="0" hostname="LAPTOP-1J510GMI" name="sample.sample.com.MouseHover" tests="1" failures="0" timestamp="2020-04-08T22:59:32 IST" time="17.047" errors="0">
  <testcase name="openBrowser" time="17.047" classname="sample.sample.com.MouseHover"/>
  <system-out/>
</testsuite> <!-- sample.sample.com.MouseHover -->
