<?xml version="1.0" encoding="UTF-8"?>
<!-- Generated by org.testng.reporters.JUnitReportReporter -->
<testsuite skipped="0" hostname="LAPTOP-1J510GMI" name="sample.sample.com.RadioButtons" tests="1" failures="0" timestamp="2020-04-23T23:15:48 IST" time="17.004" errors="0">
  <testcase name="testRadioButton" time="17.004" classname="sample.sample.com.RadioButtons"/>
  <system-out/>
</testsuite> <!-- sample.sample.com.RadioButtons -->
