<?xml version="1.0" encoding="UTF-8"?>
<!-- Generated by org.testng.reporters.JUnitReportReporter -->
<testsuite skipped="0" hostname="LAPTOP-1J510GMI" name="sample.sample.com.MouseOver" tests="1" failures="0" timestamp="2020-04-03T21:58:44 IST" time="19.139" errors="0">
  <testcase name="openBrowser" time="19.139" classname="sample.sample.com.MouseOver"/>
  <system-out/>
</testsuite> <!-- sample.sample.com.MouseOver -->
