<?xml version="1.0" encoding="UTF-8"?>
<!-- Generated by org.testng.reporters.JUnitReportReporter -->
<testsuite skipped="0" hostname="LAPTOP-1J510GMI" name="sample.sample.com.JavaScriptExecutor3" tests="1" failures="0" timestamp="2020-04-11T00:39:49 IST" time="13.627" errors="0">
  <testcase name="Logind" time="13.627" classname="sample.sample.com.JavaScriptExecutor3"/>
  <system-out/>
</testsuite> <!-- sample.sample.com.JavaScriptExecutor3 -->
