<?xml version="1.0" encoding="UTF-8"?>
<!-- Generated by org.testng.reporters.JUnitReportReporter -->
<testsuite skipped="0" hostname="LAPTOP-1J510GMI" name="sample.sample.com.DynaimcDropDown" tests="1" failures="0" timestamp="2020-04-16T23:38:21 IST" time="17.074" errors="0">
  <testcase name="dropdownmenu" time="17.074" classname="sample.sample.com.DynaimcDropDown"/>
  <system-out/>
</testsuite> <!-- sample.sample.com.DynaimcDropDown -->
