<?xml version="1.0" encoding="UTF-8"?>
<!-- Generated by org.testng.reporters.JUnitReportReporter -->
<testsuite skipped="0" hostname="LAPTOP-1J510GMI" name="sample.sample.com.MouseHover1" tests="1" failures="0" timestamp="2020-04-03T22:34:32 IST" time="16.693" errors="0">
  <testcase name="openBrowser" time="16.693" classname="sample.sample.com.MouseHover1"/>
  <system-out/>
</testsuite> <!-- sample.sample.com.MouseHover1 -->
