<?xml version="1.0" encoding="UTF-8"?>
<!-- Generated by org.testng.reporters.JUnitReportReporter -->
<testsuite skipped="0" hostname="LAPTOP-1J510GMI" name="sample.sample.com.WebDriverManagementTest" tests="1" failures="0" timestamp="2020-04-14T23:01:32 IST" time="12.916" errors="0">
  <testcase name="WebDriverManagerTest" time="12.916" classname="sample.sample.com.WebDriverManagementTest"/>
  <system-out/>
</testsuite> <!-- sample.sample.com.WebDriverManagementTest -->
