<?xml version="1.0" encoding="UTF-8"?>
<!-- Generated by org.testng.reporters.JUnitReportReporter -->
<testsuite skipped="0" hostname="LAPTOP-1J510GMI" name="sample.sample.com.CssSelector" tests="1" failures="0" timestamp="2020-03-11T23:24:18 IST" time="13.976" errors="0">
  <testcase name="locateByCSS" time="13.976" classname="sample.sample.com.CssSelector"/>
  <system-out/>
</testsuite> <!-- sample.sample.com.CssSelector -->
