<?xml version="1.0" encoding="UTF-8"?>
<!-- Generated by org.testng.reporters.JUnitReportReporter -->
<testsuite skipped="0" hostname="LAPTOP-1J510GMI" name="sample.sample.com.TestB" tests="1" failures="0" timestamp="2020-03-07T23:05:54 IST" time="10.288" errors="0">
  <testcase name="search" time="10.288" classname="sample.sample.com.TestB"/>
  <system-out/>
</testsuite> <!-- sample.sample.com.TestB -->
