<?xml version="1.0" encoding="UTF-8"?>
<!-- Generated by org.testng.reporters.JUnitReportReporter -->
<testsuite skipped="0" hostname="LAPTOP-1J510GMI" name="sample.sample.com.JavaScriptExecutor" tests="1" failures="0" timestamp="2020-04-10T23:07:20 IST" time="29.374" errors="0">
  <testcase name="javaScriptExeMethod" time="29.374" classname="sample.sample.com.JavaScriptExecutor"/>
  <system-out/>
</testsuite> <!-- sample.sample.com.JavaScriptExecutor -->
