<?xml version="1.0" encoding="UTF-8"?>
<!-- Generated by org.testng.reporters.JUnitReportReporter -->
<testsuite skipped="0" hostname="LAPTOP-1J510GMI" name="sample.sample.com.JavaScriptExecutor1" tests="1" failures="0" timestamp="2020-04-11T00:13:33 IST" time="23.850" errors="0">
  <testcase name="javaScriptExeMethod" time="23.850" classname="sample.sample.com.JavaScriptExecutor1"/>
  <system-out/>
</testsuite> <!-- sample.sample.com.JavaScriptExecutor1 -->
