<?xml version="1.0" encoding="UTF-8"?>
<!-- Generated by org.testng.reporters.JUnitReportReporter -->
<testsuite skipped="0" hostname="LAPTOP-1J510GMI" name="sample.sample.com.JavaScriptExecutor2" tests="1" failures="0" timestamp="2020-04-11T00:27:46 IST" time="22.978" errors="0">
  <testcase name="Logind" time="22.978" classname="sample.sample.com.JavaScriptExecutor2"/>
  <system-out/>
</testsuite> <!-- sample.sample.com.JavaScriptExecutor2 -->
