<?xml version="1.0" encoding="UTF-8"?>
<!-- Generated by org.testng.reporters.JUnitReportReporter -->
<testsuite skipped="0" hostname="LAPTOP-1J510GMI" name="sample.sample.com.MouseHover2" tests="1" failures="0" timestamp="2020-04-08T22:56:59 IST" time="15.912" errors="0">
  <testcase name="openBrowser" time="15.912" classname="sample.sample.com.MouseHover2"/>
  <system-out/>
</testsuite> <!-- sample.sample.com.MouseHover2 -->
