<?xml version="1.0" encoding="UTF-8"?>
<!-- Generated by org.testng.reporters.JUnitReportReporter -->
<testsuite skipped="0" hostname="LAPTOP-1J510GMI" name="sample.sample.com.DynamicRadioButtons" tests="1" failures="0" timestamp="2020-04-23T23:35:50 IST" time="8.565" errors="0">
  <testcase name="dynamicRadioButton" time="8.565" classname="sample.sample.com.DynamicRadioButtons"/>
  <system-out/>
</testsuite> <!-- sample.sample.com.DynamicRadioButtons -->
