<?xml version="1.0" encoding="UTF-8"?>
<!-- Generated by org.testng.reporters.JUnitReportReporter -->
<testsuite skipped="0" hostname="LAPTOP-1J510GMI" name="sample.sample.com.CheckBoxTest" tests="1" failures="0" timestamp="2020-04-25T23:05:49 IST" time="17.211" errors="0">
  <testcase name="checkbox" time="17.211" classname="sample.sample.com.CheckBoxTest"/>
  <system-out/>
</testsuite> <!-- sample.sample.com.CheckBoxTest -->
